2022-02-16 23:10:50.512  INFO PPBNOMBPBT-237.local --- [  restartedMain] c.f.f.FirstApplication                   : Starting FirstApplication using Java 1.8.0_231 on PPBNOMBPBT-237.local with PID 25883 (/Users/preetam.patel/Documents/MileStone/first/target/classes started by preetam.patel in /Users/preetam.patel/Documents/MileStone/first)
2022-02-16 23:10:50.519 DEBUG PPBNOMBPBT-237.local --- [  restartedMain] c.f.f.FirstApplication                   : Running with Spring Boot v2.6.3, Spring v5.3.15
2022-02-16 23:10:50.520  INFO PPBNOMBPBT-237.local --- [  restartedMain] c.f.f.FirstApplication                   : No active profile set, falling back to default profiles: default
2022-02-16 23:10:50.646  INFO PPBNOMBPBT-237.local --- [  restartedMain] .e.DevToolsPropertyDefaultsPostProcessor : Devtools property defaults active! Set 'spring.devtools.add-properties' to 'false' to disable
2022-02-16 23:10:50.648  INFO PPBNOMBPBT-237.local --- [  restartedMain] .e.DevToolsPropertyDefaultsPostProcessor : For additional web related logging consider setting the 'logging.level.web' property to 'DEBUG'
2022-02-16 23:10:51.282  INFO PPBNOMBPBT-237.local --- [  restartedMain] .s.d.r.c.RepositoryConfigurationDelegate : Bootstrapping Spring Data JPA repositories in DEFAULT mode.
2022-02-16 23:10:51.338  INFO PPBNOMBPBT-237.local --- [  restartedMain] .s.d.r.c.RepositoryConfigurationDelegate : Finished Spring Data repository scanning in 49 ms. Found 1 JPA repository interfaces.
2022-02-16 23:10:51.884  INFO PPBNOMBPBT-237.local --- [  restartedMain] o.s.b.w.e.t.TomcatWebServer              : Tomcat initialized with port(s): 1111 (http)
2022-02-16 23:10:51.890  INFO PPBNOMBPBT-237.local --- [  restartedMain] o.a.c.h.Http11NioProtocol                : Initializing ProtocolHandler ["http-nio-1111"]
2022-02-16 23:10:51.890  INFO PPBNOMBPBT-237.local --- [  restartedMain] o.a.c.c.StandardService                  : Starting service [Tomcat]
2022-02-16 23:10:51.890  INFO PPBNOMBPBT-237.local --- [  restartedMain] o.a.c.c.StandardEngine                   : Starting Servlet engine: [Apache Tomcat/9.0.56]
2022-02-16 23:10:51.963  INFO PPBNOMBPBT-237.local --- [  restartedMain] o.a.c.c.C.[.[.[/]                        : Initializing Spring embedded WebApplicationContext
2022-02-16 23:10:51.964  INFO PPBNOMBPBT-237.local --- [  restartedMain] w.s.c.ServletWebServerApplicationContext : Root WebApplicationContext: initialization completed in 1316 ms
2022-02-16 23:10:51.996  INFO PPBNOMBPBT-237.local --- [  restartedMain] c.z.h.HikariDataSource                   : HikariPool-1 - Starting...
2022-02-16 23:10:52.138  INFO PPBNOMBPBT-237.local --- [  restartedMain] c.z.h.HikariDataSource                   : HikariPool-1 - Start completed.
2022-02-16 23:10:52.156  INFO PPBNOMBPBT-237.local --- [  restartedMain] o.s.b.a.h.H2ConsoleAutoConfiguration     : H2 console available at '/h2-console'. Database available at 'jdbc:h2:file:~/Documents/mileStone/database/milestone1'
2022-02-16 23:10:52.323  INFO PPBNOMBPBT-237.local --- [  restartedMain] o.h.j.i.u.LogHelper                      : HHH000204: Processing PersistenceUnitInfo [name: default]
2022-02-16 23:10:52.344  INFO PPBNOMBPBT-237.local --- [  restartedMain] o.h.Version                              : HHH000412: Hibernate ORM core version 5.6.4.Final
2022-02-16 23:10:52.423  INFO PPBNOMBPBT-237.local --- [  restartedMain] o.h.a.c.Version                          : HCANN000001: Hibernate Commons Annotations {5.1.2.Final}
2022-02-16 23:10:52.470  INFO PPBNOMBPBT-237.local --- [  restartedMain] o.h.d.Dialect                            : HHH000400: Using dialect: org.hibernate.dialect.H2Dialect
2022-02-16 23:10:52.830  INFO PPBNOMBPBT-237.local --- [  restartedMain] o.h.e.t.j.p.i.JtaPlatformInitiator       : HHH000490: Using JtaPlatform implementation: [org.hibernate.engine.transaction.jta.platform.internal.NoJtaPlatform]
2022-02-16 23:10:52.835  INFO PPBNOMBPBT-237.local --- [  restartedMain] j.LocalContainerEntityManagerFactoryBean : Initialized JPA EntityManagerFactory for persistence unit 'default'
2022-02-16 23:10:53.184  WARN PPBNOMBPBT-237.local --- [  restartedMain] JpaBaseConfiguration$JpaWebConfiguration : spring.jpa.open-in-view is enabled by default. Therefore, database queries may be performed during view rendering. Explicitly configure spring.jpa.open-in-view to disable this warning
2022-02-16 23:10:53.448  INFO PPBNOMBPBT-237.local --- [  restartedMain] o.s.b.d.a.OptionalLiveReloadServer       : LiveReload server is running on port 35729
2022-02-16 23:10:53.469  INFO PPBNOMBPBT-237.local --- [  restartedMain] o.a.c.h.Http11NioProtocol                : Starting ProtocolHandler ["http-nio-1111"]
2022-02-16 23:10:53.488  INFO PPBNOMBPBT-237.local --- [  restartedMain] o.s.b.w.e.t.TomcatWebServer              : Tomcat started on port(s): 1111 (http) with context path ''
2022-02-16 23:10:53.498  INFO PPBNOMBPBT-237.local --- [  restartedMain] c.f.f.FirstApplication                   : Started FirstApplication in 3.372 seconds (JVM running for 4.652)
2022-02-16 23:11:17.953  INFO PPBNOMBPBT-237.local --- [nio-1111-exec-1] o.a.c.c.C.[.[.[/]                        : Initializing Spring DispatcherServlet 'dispatcherServlet'
2022-02-16 23:11:17.954  INFO PPBNOMBPBT-237.local --- [nio-1111-exec-1] o.s.w.s.DispatcherServlet                : Initializing Servlet 'dispatcherServlet'
2022-02-16 23:11:17.960  INFO PPBNOMBPBT-237.local --- [nio-1111-exec-1] o.s.w.s.DispatcherServlet                : Completed initialization in 6 ms
2022-02-16 23:11:18.144  INFO PPBNOMBPBT-237.local --- [nio-1111-exec-1] c.f.f.c.CrudController                   : Controller :  Received API call for fetching all user.
2022-02-16 23:11:18.145  WARN PPBNOMBPBT-237.local --- [nio-1111-exec-1] c.f.f.c.CrudController                   : Controller :  providing service to call
2022-02-16 23:11:18.176  INFO PPBNOMBPBT-237.local --- [nio-1111-exec-1] c.f.f.c.CrudController                   : Service : Adding New  User
2022-02-16 23:11:18.177 DEBUG PPBNOMBPBT-237.local --- [nio-1111-exec-1] c.f.f.c.CrudController                   : Service :  Validating user details
2022-02-16 23:11:18.195 ERROR PPBNOMBPBT-237.local --- [nio-1111-exec-1] o.a.c.c.C.[.[.[.[dispatcherServlet]      : Servlet.service() for servlet [dispatcherServlet] in context with path [] threw exception [Request processing failed; nested exception is com.firstmilestone.first.validation.UserValidationException: 'First Name' can't be null or empty] with root cause
com.firstmilestone.first.validation.UserValidationException: 'First Name' can't be null or empty
	at com.firstmilestone.first.validation.ValidateMobEml.validateUser(ValidateMobEml.java:18)
	at com.firstmilestone.first.service.CrudService.addNewUser(CrudService.java:67)
	at com.firstmilestone.first.service.CrudService$$FastClassBySpringCGLIB$$348de99f.invoke(<generated>)
	at org.springframework.cglib.proxy.MethodProxy.invoke(MethodProxy.java:218)
	at org.springframework.aop.framework.CglibAopProxy$CglibMethodInvocation.invokeJoinpoint(CglibAopProxy.java:783)
	at org.springframework.aop.framework.ReflectiveMethodInvocation.proceed(ReflectiveMethodInvocation.java:163)
	at org.springframework.aop.framework.CglibAopProxy$CglibMethodInvocation.proceed(CglibAopProxy.java:753)
	at org.springframework.transaction.interceptor.TransactionInterceptor$1.proceedWithInvocation(TransactionInterceptor.java:123)
	at org.springframework.transaction.interceptor.TransactionAspectSupport.invokeWithinTransaction(TransactionAspectSupport.java:388)
	at org.springframework.transaction.interceptor.TransactionInterceptor.invoke(TransactionInterceptor.java:119)
	at org.springframework.aop.framework.ReflectiveMethodInvocation.proceed(ReflectiveMethodInvocation.java:186)
	at org.springframework.aop.framework.CglibAopProxy$CglibMethodInvocation.proceed(CglibAopProxy.java:753)
	at org.springframework.aop.framework.CglibAopProxy$DynamicAdvisedInterceptor.intercept(CglibAopProxy.java:698)
	at com.firstmilestone.first.service.CrudService$$EnhancerBySpringCGLIB$$de7d0bbe.addNewUser(<generated>)
	at com.firstmilestone.first.controller.CrudController.addNewUser(CrudController.java:92)
	at sun.reflect.NativeMethodAccessorImpl.invoke0(Native Method)
	at sun.reflect.NativeMethodAccessorImpl.invoke(NativeMethodAccessorImpl.java:62)
	at sun.reflect.DelegatingMethodAccessorImpl.invoke(DelegatingMethodAccessorImpl.java:43)
	at java.lang.reflect.Method.invoke(Method.java:498)
	at org.springframework.web.method.support.InvocableHandlerMethod.doInvoke(InvocableHandlerMethod.java:205)
	at org.springframework.web.method.support.InvocableHandlerMethod.invokeForRequest(InvocableHandlerMethod.java:150)
	at org.springframework.web.servlet.mvc.method.annotation.ServletInvocableHandlerMethod.invokeAndHandle(ServletInvocableHandlerMethod.java:117)
	at org.springframework.web.servlet.mvc.method.annotation.RequestMappingHandlerAdapter.invokeHandlerMethod(RequestMappingHandlerAdapter.java:895)
	at org.springframework.web.servlet.mvc.method.annotation.RequestMappingHandlerAdapter.handleInternal(RequestMappingHandlerAdapter.java:808)
	at org.springframework.web.servlet.mvc.method.AbstractHandlerMethodAdapter.handle(AbstractHandlerMethodAdapter.java:87)
	at org.springframework.web.servlet.DispatcherServlet.doDispatch(DispatcherServlet.java:1067)
	at org.springframework.web.servlet.DispatcherServlet.doService(DispatcherServlet.java:963)
	at org.springframework.web.servlet.FrameworkServlet.processRequest(FrameworkServlet.java:1006)
	at org.springframework.web.servlet.FrameworkServlet.doPost(FrameworkServlet.java:909)
	at javax.servlet.http.HttpServlet.service(HttpServlet.java:681)
	at org.springframework.web.servlet.FrameworkServlet.service(FrameworkServlet.java:883)
	at javax.servlet.http.HttpServlet.service(HttpServlet.java:764)
	at org.apache.catalina.core.ApplicationFilterChain.internalDoFilter(ApplicationFilterChain.java:227)
	at org.apache.catalina.core.ApplicationFilterChain.doFilter(ApplicationFilterChain.java:162)
	at org.apache.tomcat.websocket.server.WsFilter.doFilter(WsFilter.java:53)
	at org.apache.catalina.core.ApplicationFilterChain.internalDoFilter(ApplicationFilterChain.java:189)
	at org.apache.catalina.core.ApplicationFilterChain.doFilter(ApplicationFilterChain.java:162)
	at org.springframework.web.filter.RequestContextFilter.doFilterInternal(RequestContextFilter.java:100)
	at org.springframework.web.filter.OncePerRequestFilter.doFilter(OncePerRequestFilter.java:117)
	at org.apache.catalina.core.ApplicationFilterChain.internalDoFilter(ApplicationFilterChain.java:189)
	at org.apache.catalina.core.ApplicationFilterChain.doFilter(ApplicationFilterChain.java:162)
	at org.springframework.web.filter.FormContentFilter.doFilterInternal(FormContentFilter.java:93)
	at org.springframework.web.filter.OncePerRequestFilter.doFilter(OncePerRequestFilter.java:117)
	at org.apache.catalina.core.ApplicationFilterChain.internalDoFilter(ApplicationFilterChain.java:189)
	at org.apache.catalina.core.ApplicationFilterChain.doFilter(ApplicationFilterChain.java:162)
	at org.springframework.web.filter.CharacterEncodingFilter.doFilterInternal(CharacterEncodingFilter.java:201)
	at org.springframework.web.filter.OncePerRequestFilter.doFilter(OncePerRequestFilter.java:117)
	at org.apache.catalina.core.ApplicationFilterChain.internalDoFilter(ApplicationFilterChain.java:189)
	at org.apache.catalina.core.ApplicationFilterChain.doFilter(ApplicationFilterChain.java:162)
	at org.apache.catalina.core.StandardWrapperValve.invoke(StandardWrapperValve.java:197)
	at org.apache.catalina.core.StandardContextValve.invoke(StandardContextValve.java:97)
	at org.apache.catalina.authenticator.AuthenticatorBase.invoke(AuthenticatorBase.java:540)
	at org.apache.catalina.core.StandardHostValve.invoke(StandardHostValve.java:135)
	at org.apache.catalina.valves.ErrorReportValve.invoke(ErrorReportValve.java:92)
	at org.apache.catalina.core.StandardEngineValve.invoke(StandardEngineValve.java:78)
	at org.apache.catalina.connector.CoyoteAdapter.service(CoyoteAdapter.java:357)
	at org.apache.coyote.http11.Http11Processor.service(Http11Processor.java:382)
	at org.apache.coyote.AbstractProcessorLight.process(AbstractProcessorLight.java:65)
	at org.apache.coyote.AbstractProtocol$ConnectionHandler.process(AbstractProtocol.java:895)
	at org.apache.tomcat.util.net.NioEndpoint$SocketProcessor.doRun(NioEndpoint.java:1732)
	at org.apache.tomcat.util.net.SocketProcessorBase.run(SocketProcessorBase.java:49)
	at org.apache.tomcat.util.threads.ThreadPoolExecutor.runWorker(ThreadPoolExecutor.java:1191)
	at org.apache.tomcat.util.threads.ThreadPoolExecutor$Worker.run(ThreadPoolExecutor.java:659)
	at org.apache.tomcat.util.threads.TaskThread$WrappingRunnable.run(TaskThread.java:61)
	at java.lang.Thread.run(Thread.java:748)
2022-02-16 23:12:34.892  INFO PPBNOMBPBT-237.local --- [nio-1111-exec-4] c.f.f.c.CrudController                   : Controller :  Received API call for fetching all user.
2022-02-16 23:12:34.892  WARN PPBNOMBPBT-237.local --- [nio-1111-exec-4] c.f.f.c.CrudController                   : Controller :  providing service to call
2022-02-16 23:12:34.893  INFO PPBNOMBPBT-237.local --- [nio-1111-exec-4] c.f.f.c.CrudController                   : Service : Adding New  User
2022-02-16 23:12:34.893 DEBUG PPBNOMBPBT-237.local --- [nio-1111-exec-4] c.f.f.c.CrudController                   : Service :  Validating user details
2022-02-16 23:12:35.008  INFO PPBNOMBPBT-237.local --- [nio-1111-exec-4] c.f.f.c.CrudController                   : Service Adding User to Database
2022-02-16 23:12:35.040 DEBUG PPBNOMBPBT-237.local --- [nio-1111-exec-4] c.f.f.c.CrudController                   : Controller :  User Added :: User{id=7, userName='rosh0004', firstName='roshni', lastName='patel', email='roshni.patel@g.com', mobile='4444444444', currentAddress='chennai', permanentAddress='goa'}
2022-02-16 23:13:39.348  INFO PPBNOMBPBT-237.local --- [nio-1111-exec-7] c.f.f.c.CrudController                   : Controller :  Received API call for fetching all user.
2022-02-16 23:13:39.351  WARN PPBNOMBPBT-237.local --- [nio-1111-exec-7] c.f.f.c.CrudController                   : Controller :  providing service to call
2022-02-16 23:13:39.352  INFO PPBNOMBPBT-237.local --- [nio-1111-exec-7] c.f.f.c.CrudController                   : Service : Adding New  User
2022-02-16 23:13:39.353 DEBUG PPBNOMBPBT-237.local --- [nio-1111-exec-7] c.f.f.c.CrudController                   : Service :  Validating user details
2022-02-16 23:13:39.358  INFO PPBNOMBPBT-237.local --- [nio-1111-exec-7] c.f.f.c.CrudController                   : Service Adding User to Database
2022-02-16 23:13:39.361 DEBUG PPBNOMBPBT-237.local --- [nio-1111-exec-7] c.f.f.c.CrudController                   : Controller :  User Added :: User{id=8, userName='preet0003', firstName='preetam', lastName='patel', email='preetam.patel@g.com', mobile='3333333333', currentAddress='katra', permanentAddress='kashmir'}
2022-02-16 23:14:19.976  INFO PPBNOMBPBT-237.local --- [nio-1111-exec-8] c.f.f.c.CrudController                   : Controller :  Received API call for fetching all user.
2022-02-16 23:14:19.977  WARN PPBNOMBPBT-237.local --- [nio-1111-exec-8] c.f.f.c.CrudController                   : Controller :  providing service to call
2022-02-16 23:14:19.979  INFO PPBNOMBPBT-237.local --- [nio-1111-exec-8] c.f.f.c.CrudController                   : Service : Adding New  User
2022-02-16 23:14:19.979 DEBUG PPBNOMBPBT-237.local --- [nio-1111-exec-8] c.f.f.c.CrudController                   : Service :  Validating user details
2022-02-16 23:14:19.992  INFO PPBNOMBPBT-237.local --- [nio-1111-exec-8] c.f.f.c.CrudController                   : Service Adding User to Database
2022-02-16 23:14:19.997 DEBUG PPBNOMBPBT-237.local --- [nio-1111-exec-8] c.f.f.c.CrudController                   : Controller :  User Added :: User{id=9, userName='krish0002', firstName='krishna', lastName='nag', email='krishna.nag@g.com', mobile='2222222222', currentAddress='sidhi', permanentAddress='churhat'}
2022-02-16 23:17:13.808  INFO PPBNOMBPBT-237.local --- [nio-1111-exec-2] c.f.f.c.CrudController                   : Controller :  Received API call for fetching all user.
2022-02-16 23:17:13.809  WARN PPBNOMBPBT-237.local --- [nio-1111-exec-2] c.f.f.c.CrudController                   : Controller :  providing service to call
2022-02-16 23:17:13.810  INFO PPBNOMBPBT-237.local --- [nio-1111-exec-2] c.f.f.c.CrudController                   : Service : Adding New  User
2022-02-16 23:17:13.810 DEBUG PPBNOMBPBT-237.local --- [nio-1111-exec-2] c.f.f.c.CrudController                   : Service :  Validating user details
2022-02-16 23:17:13.817  INFO PPBNOMBPBT-237.local --- [nio-1111-exec-2] c.f.f.c.CrudController                   : Service Adding User to Database
2022-02-16 23:17:13.822 DEBUG PPBNOMBPBT-237.local --- [nio-1111-exec-2] c.f.f.c.CrudController                   : Controller :  User Added :: User{id=10, userName='shiv0001', firstName='shivam', lastName='pal', email='shival.pal@g.com', mobile='1111111111', currentAddress='rewa', permanentAddress='katni'}
2022-02-16 23:19:53.349  INFO PPBNOMBPBT-237.local --- [ionShutdownHook] j.LocalContainerEntityManagerFactoryBean : Closing JPA EntityManagerFactory for persistence unit 'default'
2022-02-16 23:19:53.361  INFO PPBNOMBPBT-237.local --- [ionShutdownHook] c.z.h.HikariDataSource                   : HikariPool-1 - Shutdown initiated...
2022-02-16 23:19:53.367  INFO PPBNOMBPBT-237.local --- [ionShutdownHook] c.z.h.HikariDataSource                   : HikariPool-1 - Shutdown completed.
2022-02-16 23:19:57.075  INFO PPBNOMBPBT-237.local --- [  restartedMain] c.f.f.FirstApplication                   : Starting FirstApplication using Java 1.8.0_231 on PPBNOMBPBT-237.local with PID 26159 (/Users/preetam.patel/Documents/MileStone/first/target/classes started by preetam.patel in /Users/preetam.patel/Documents/MileStone/first)
2022-02-16 23:19:57.081 DEBUG PPBNOMBPBT-237.local --- [  restartedMain] c.f.f.FirstApplication                   : Running with Spring Boot v2.6.3, Spring v5.3.15
2022-02-16 23:19:57.082  INFO PPBNOMBPBT-237.local --- [  restartedMain] c.f.f.FirstApplication                   : No active profile set, falling back to default profiles: default
2022-02-16 23:19:57.213  INFO PPBNOMBPBT-237.local --- [  restartedMain] .e.DevToolsPropertyDefaultsPostProcessor : Devtools property defaults active! Set 'spring.devtools.add-properties' to 'false' to disable
2022-02-16 23:19:57.214  INFO PPBNOMBPBT-237.local --- [  restartedMain] .e.DevToolsPropertyDefaultsPostProcessor : For additional web related logging consider setting the 'logging.level.web' property to 'DEBUG'
2022-02-16 23:19:57.860  INFO PPBNOMBPBT-237.local --- [  restartedMain] .s.d.r.c.RepositoryConfigurationDelegate : Bootstrapping Spring Data JPA repositories in DEFAULT mode.
2022-02-16 23:19:57.920  INFO PPBNOMBPBT-237.local --- [  restartedMain] .s.d.r.c.RepositoryConfigurationDelegate : Finished Spring Data repository scanning in 52 ms. Found 1 JPA repository interfaces.
2022-02-16 23:19:58.463  INFO PPBNOMBPBT-237.local --- [  restartedMain] o.s.b.w.e.t.TomcatWebServer              : Tomcat initialized with port(s): 1111 (http)
2022-02-16 23:19:58.470  INFO PPBNOMBPBT-237.local --- [  restartedMain] o.a.c.h.Http11NioProtocol                : Initializing ProtocolHandler ["http-nio-1111"]
2022-02-16 23:19:58.471  INFO PPBNOMBPBT-237.local --- [  restartedMain] o.a.c.c.StandardService                  : Starting service [Tomcat]
2022-02-16 23:19:58.471  INFO PPBNOMBPBT-237.local --- [  restartedMain] o.a.c.c.StandardEngine                   : Starting Servlet engine: [Apache Tomcat/9.0.56]
2022-02-16 23:19:58.549  INFO PPBNOMBPBT-237.local --- [  restartedMain] o.a.c.c.C.[.[.[/]                        : Initializing Spring embedded WebApplicationContext
2022-02-16 23:19:58.550  INFO PPBNOMBPBT-237.local --- [  restartedMain] w.s.c.ServletWebServerApplicationContext : Root WebApplicationContext: initialization completed in 1335 ms
2022-02-16 23:19:58.586  INFO PPBNOMBPBT-237.local --- [  restartedMain] c.z.h.HikariDataSource                   : HikariPool-1 - Starting...
2022-02-16 23:19:58.745  INFO PPBNOMBPBT-237.local --- [  restartedMain] c.z.h.HikariDataSource                   : HikariPool-1 - Start completed.
2022-02-16 23:19:58.764  INFO PPBNOMBPBT-237.local --- [  restartedMain] o.s.b.a.h.H2ConsoleAutoConfiguration     : H2 console available at '/h2-console'. Database available at 'jdbc:h2:file:~/Documents/mileStone/database/milestone1'
2022-02-16 23:19:58.941  INFO PPBNOMBPBT-237.local --- [  restartedMain] o.h.j.i.u.LogHelper                      : HHH000204: Processing PersistenceUnitInfo [name: default]
2022-02-16 23:19:58.965  INFO PPBNOMBPBT-237.local --- [  restartedMain] o.h.Version                              : HHH000412: Hibernate ORM core version 5.6.4.Final
2022-02-16 23:19:59.045  INFO PPBNOMBPBT-237.local --- [  restartedMain] o.h.a.c.Version                          : HCANN000001: Hibernate Commons Annotations {5.1.2.Final}
2022-02-16 23:19:59.090  INFO PPBNOMBPBT-237.local --- [  restartedMain] o.h.d.Dialect                            : HHH000400: Using dialect: org.hibernate.dialect.H2Dialect
2022-02-16 23:19:59.442  INFO PPBNOMBPBT-237.local --- [  restartedMain] o.h.e.t.j.p.i.JtaPlatformInitiator       : HHH000490: Using JtaPlatform implementation: [org.hibernate.engine.transaction.jta.platform.internal.NoJtaPlatform]
2022-02-16 23:19:59.447  INFO PPBNOMBPBT-237.local --- [  restartedMain] j.LocalContainerEntityManagerFactoryBean : Initialized JPA EntityManagerFactory for persistence unit 'default'
2022-02-16 23:19:59.791  WARN PPBNOMBPBT-237.local --- [  restartedMain] JpaBaseConfiguration$JpaWebConfiguration : spring.jpa.open-in-view is enabled by default. Therefore, database queries may be performed during view rendering. Explicitly configure spring.jpa.open-in-view to disable this warning
2022-02-16 23:20:00.050  INFO PPBNOMBPBT-237.local --- [  restartedMain] o.s.b.d.a.OptionalLiveReloadServer       : LiveReload server is running on port 35729
2022-02-16 23:20:00.072  INFO PPBNOMBPBT-237.local --- [  restartedMain] o.a.c.h.Http11NioProtocol                : Starting ProtocolHandler ["http-nio-1111"]
2022-02-16 23:20:00.091  INFO PPBNOMBPBT-237.local --- [  restartedMain] o.s.b.w.e.t.TomcatWebServer              : Tomcat started on port(s): 1111 (http) with context path ''
2022-02-16 23:20:00.110  INFO PPBNOMBPBT-237.local --- [  restartedMain] c.f.f.FirstApplication                   : Started FirstApplication in 3.381 seconds (JVM running for 4.645)
